#
# There is insufficient memory for the Java Runtime Environment to continue.
# Native memory allocation (malloc) failed to allocate 32744 bytes. Error detail: Chunk::new
# Possible reasons:
#   The system is out of physical RAM or swap space
#   This process is running with CompressedOops enabled, and the Java Heap may be blocking the growth of the native heap
# Possible solutions:
#   Reduce memory load on the system
#   Increase physical memory or swap space
#   Check if swap backing store is full
#   Decrease Java heap size (-Xmx/-Xms)
#   Decrease number of Java threads
#   Decrease Java thread stack sizes (-Xss)
#   Set larger code cache with -XX:ReservedCodeCacheSize=
#   JVM is running with Zero Based Compressed Oops mode in which the Java heap is
#     placed in the first 32GB address space. The Java Heap base address is the
#     maximum limit for the native heap growth. Please use -XX:HeapBaseMinAddress
#     to set the Java Heap base and to place the Java Heap above 32GB virtual address.
# This output file may be truncated or incomplete.
#
#  Out of Memory Error (arena.cpp:168), pid=27060, tid=26876
#
# JRE version: OpenJDK Runtime Environment Temurin-21.0.9+10 (21.0.9+10) (build 21.0.9+10-LTS)
# Java VM: OpenJDK 64-Bit Server VM Temurin-21.0.9+10 (21.0.9+10-LTS, mixed mode, sharing, tiered, compressed oops, compressed class ptrs, g1 gc, windows-amd64)
# No core dump will be written. Minidumps are not enabled by default on client versions of Windows
#

---------------  S U M M A R Y ------------

Command Line: -Dmaven.home=EMBEDDED -Dclassworlds.conf=C:\Users\Admin\Desktop\SDPBackendProject\.metadata\.plugins\org.eclipse.m2e.launching\launches\m2conf12673538577109467596.tmp -Dmaven.multiModuleProjectDirectory=C:\Users\Admin\Desktop\SDPBackendProject\SDPBackend -Dm2e.build.project.data.socket.port=56069 -Dfile.encoding=UTF-8 -Dstdout.encoding=UTF-8 -Dstderr.encoding=UTF-8 -XX:+ShowCodeDetailsInExceptionMessages org.codehaus.plexus.classworlds.launcher.Launcher -Ppom.xml -B -Dstyle.color=always org.springframework.boot:spring-boot-maven-plugin:process-aot

Host: 11th Gen Intel(R) Core(TM) i5-1145G7 @ 2.60GHz, 8 cores, 15G,  Windows 11 , 64 bit Build 26100 (10.0.26100.7920)
Time: Tue Mar 31 21:36:26 2026 India Standard Time elapsed time: 2.065520 seconds (0d 0h 0m 2s)

---------------  T H R E A D  ---------------

Current thread (0x000001947e4d2ab0):  JavaThread "C2 CompilerThread2" daemon [_thread_in_native, id=26876, stack(0x000000302f200000,0x000000302f300000) (1024K)]


Current CompileTask:
C2:2065 1111       4       java.io.InputStreamReader::read (11 bytes)

Stack: [0x000000302f200000,0x000000302f300000]
Native frames: (J=compiled Java code, j=interpreted, Vv=VM code, C=native code)
V  [jvm.dll+0x6d6e29]
V  [jvm.dll+0x8b4b76]
V  [jvm.dll+0x8b712e]
V  [jvm.dll+0x8b7813]
V  [jvm.dll+0x283d86]
V  [jvm.dll+0xc66ed]
V  [jvm.dll+0xc6c31]
V  [jvm.dll+0x14881e]
V  [jvm.dll+0x14779b]
V  [jvm.dll+0x6dc398]
V  [jvm.dll+0x24c36b]
V  [jvm.dll+0x24b580]
V  [jvm.dll+0x1cb13e]
V  [jvm.dll+0x25b29d]
V  [jvm.dll+0x25982a]
V  [jvm.dll+0x3f7ea6]
V  [jvm.dll+0x85e9ad]
V  [jvm.dll+0x6d565d]
C  [ucrtbase.dll+0x37b0]
C  [KERNEL32.DLL+0x2e8d7]
C  [ntdll.dll+0x8c48c]


---------------  P R O C E S S  ---------------

Threads class SMR info:
_java_thread_list=0x000001947e2b6f40, length=13, elements={
0x000001946b925800, 0x0000019478aa4a40, 0x0000019478aa5690, 0x00000194793393c0,
0x0000019478aa8fb0, 0x0000019479342390, 0x00000194793462a0, 0x000001947934b980,
0x000001947934dba0, 0x0000019479484520, 0x000001947948fb80, 0x000001947e0ce330,
0x000001947e4d2ab0
}

Java Threads: ( => current thread )
  0x000001946b925800 JavaThread "main"                              [_thread_in_Java, id=18780, stack(0x000000302df00000,0x000000302e000000) (1024K)]
  0x0000019478aa4a40 JavaThread "Reference Handler"          daemon [_thread_blocked, id=26748, stack(0x000000302e700000,0x000000302e800000) (1024K)]
  0x0000019478aa5690 JavaThread "Finalizer"                  daemon [_thread_blocked, id=14188, stack(0x000000302e800000,0x000000302e900000) (1024K)]
  0x00000194793393c0 JavaThread "Signal Dispatcher"          daemon [_thread_blocked, id=17272, stack(0x000000302e900000,0x000000302ea00000) (1024K)]
  0x0000019478aa8fb0 JavaThread "Attach Listener"            daemon [_thread_blocked, id=14768, stack(0x000000302ea00000,0x000000302eb00000) (1024K)]
  0x0000019479342390 JavaThread "Service Thread"             daemon [_thread_blocked, id=10628, stack(0x000000302eb00000,0x000000302ec00000) (1024K)]
  0x00000194793462a0 JavaThread "Monitor Deflation Thread"   daemon [_thread_blocked, id=20056, stack(0x000000302ec00000,0x000000302ed00000) (1024K)]
  0x000001947934b980 JavaThread "C2 CompilerThread0"         daemon [_thread_in_native, id=8468, stack(0x000000302ed00000,0x000000302ee00000) (1024K)]
  0x000001947934dba0 JavaThread "C1 CompilerThread0"         daemon [_thread_in_native, id=25928, stack(0x000000302ee00000,0x000000302ef00000) (1024K)]
  0x0000019479484520 JavaThread "Notification Thread"        daemon [_thread_blocked, id=13508, stack(0x000000302ef00000,0x000000302f000000) (1024K)]
  0x000001947948fb80 JavaThread "Common-Cleaner"             daemon [_thread_blocked, id=11984, stack(0x000000302f000000,0x000000302f100000) (1024K)]
  0x000001947e0ce330 JavaThread "C2 CompilerThread1"         daemon [_thread_in_native, id=27120, stack(0x000000302f100000,0x000000302f200000) (1024K)]
=>0x000001947e4d2ab0 JavaThread "C2 CompilerThread2"         daemon [_thread_in_native, id=26876, stack(0x000000302f200000,0x000000302f300000) (1024K)]
Total: 13

Other Threads:
  0x0000019478a8bc80 VMThread "VM Thread"                           [id=25964, stack(0x000000302e600000,0x000000302e700000) (1024K)]
  0x0000019478a7bc30 WatcherThread "VM Periodic Task Thread"        [id=27784, stack(0x000000302e500000,0x000000302e600000) (1024K)]
  0x000001946ddb8600 WorkerThread "GC Thread#0"                     [id=1480, stack(0x000000302e000000,0x000000302e100000) (1024K)]
  0x000001947e4d0c90 WorkerThread "GC Thread#1"                     [id=28256, stack(0x000000302f300000,0x000000302f400000) (1024K)]
  0x0000019479cbf830 WorkerThread "GC Thread#2"                     [id=6884, stack(0x000000302f400000,0x000000302f500000) (1024K)]
  0x0000019479cbfbd0 WorkerThread "GC Thread#3"                     [id=3504, stack(0x000000302f500000,0x000000302f600000) (1024K)]
  0x0000019479cbff70 WorkerThread "GC Thread#4"                     [id=21356, stack(0x000000302f600000,0x000000302f700000) (1024K)]
  0x000001947e49dec0 WorkerThread "GC Thread#5"                     [id=3040, stack(0x000000302f700000,0x000000302f800000) (1024K)]
  0x000001947e797bf0 WorkerThread "GC Thread#6"                     [id=20360, stack(0x000000302f800000,0x000000302f900000) (1024K)]
  0x000001947e252b40 WorkerThread "GC Thread#7"                     [id=25704, stack(0x000000302f900000,0x000000302fa00000) (1024K)]
  0x000001946de08010 ConcurrentGCThread "G1 Main Marker"            [id=18456, stack(0x000000302e100000,0x000000302e200000) (1024K)]
  0x000001946de08a20 WorkerThread "G1 Conc#0"                       [id=23240, stack(0x000000302e200000,0x000000302e300000) (1024K)]
  0x0000019478948990 ConcurrentGCThread "G1 Refine#0"               [id=27940, stack(0x000000302e300000,0x000000302e400000) (1024K)]
  0x0000019478949410 ConcurrentGCThread "G1 Service"                [id=21652, stack(0x000000302e400000,0x000000302e500000) (1024K)]
Total: 14

Threads with active compile tasks:
C2 CompilerThread0  2084 1171   !   4       sun.nio.cs.StreamDecoder::read (78 bytes)
C1 CompilerThread0  2084 1279       2       com.google.inject.TypeLiteral::resolveType (309 bytes)
C2 CompilerThread1  2084 1173       4       sun.nio.cs.StreamDecoder::lockedRead (189 bytes)
C2 CompilerThread2  2084 1111       4       java.io.InputStreamReader::read (11 bytes)
Total: 4

VM state: not at safepoint (normal execution)

VM Mutex/Monitor currently owned by a thread: None

Heap address: 0x0000000704e00000, size: 4018 MB, Compressed Oops mode: Zero based, Oop shift amount: 3

CDS archive(s) mapped at: [0x000001940f000000-0x000001940fc80000-0x000001940fc80000), size 13107200, SharedBaseAddress: 0x000001940f000000, ArchiveRelocationMode: 1.
Compressed class space mapped at: 0x0000019410000000-0x0000019450000000, reserved size: 1073741824
Narrow klass base: 0x000001940f000000, Narrow klass shift: 0, Narrow klass range: 0x100000000

GC Precious Log:
 CardTable entry size: 512
 Card Set container configuration: InlinePtr #cards 4 size 8 Array Of Cards #cards 16 size 48 Howl #buckets 8 coarsen threshold 3686 Howl Bitmap #cards 512 size 80 coarsen threshold 460 Card regions per heap region 1 cards per card region 4096
 CPUs: 8 total, 8 available
 Memory: 16064M
 Large Page Support: Disabled
 NUMA Support: Disabled
 Compressed Oops: Enabled (Zero based)
 Heap Region Size: 2M
 Heap Min Capacity: 8M
 Heap Initial Capacity: 252M
 Heap Max Capacity: 4018M
 Pre-touch: Disabled
 Parallel Workers: 8
 Concurrent Workers: 2
 Concurrent Refinement Workers: 8
 Periodic GC: Disabled

Heap:
 garbage-first heap   total 258048K, used 8076K [0x0000000704e00000, 0x0000000800000000)
  region size 2048K, 5 young (10240K), 2 survivors (4096K)
 Metaspace       used 6064K, committed 6208K, reserved 1114112K
  class space    used 723K, committed 832K, reserved 1048576K

Heap Regions: E=young(eden), S=young(survivor), O=old, HS=humongous(starts), HC=humongous(continues), CS=collection set, F=free, TAMS=top-at-mark-start, PB=parsable bottom
|   0|0x0000000704e00000, 0x0000000704e00000, 0x0000000705000000|  0%| F|  |TAMS 0x0000000704e00000| PB 0x0000000704e00000| Untracked 
|   1|0x0000000705000000, 0x0000000705000000, 0x0000000705200000|  0%| F|  |TAMS 0x0000000705000000| PB 0x0000000705000000| Untracked 
|   2|0x0000000705200000, 0x0000000705200000, 0x0000000705400000|  0%| F|  |TAMS 0x0000000705200000| PB 0x0000000705200000| Untracked 
|   3|0x0000000705400000, 0x0000000705400000, 0x0000000705600000|  0%| F|  |TAMS 0x0000000705400000| PB 0x0000000705400000| Untracked 
|   4|0x0000000705600000, 0x0000000705600000, 0x0000000705800000|  0%| F|  |TAMS 0x0000000705600000| PB 0x0000000705600000| Untracked 
|   5|0x0000000705800000, 0x0000000705800000, 0x0000000705a00000|  0%| F|  |TAMS 0x0000000705800000| PB 0x0000000705800000| Untracked 
|   6|0x0000000705a00000, 0x0000000705a00000, 0x0000000705c00000|  0%| F|  |TAMS 0x0000000705a00000| PB 0x0000000705a00000| Untracked 
|   7|0x0000000705c00000, 0x0000000705c00000, 0x0000000705e00000|  0%| F|  |TAMS 0x0000000705c00000| PB 0x0000000705c00000| Untracked 
|   8|0x0000000705e00000, 0x0000000705e00000, 0x0000000706000000|  0%| F|  |TAMS 0x0000000705e00000| PB 0x0000000705e00000| Untracked 
|   9|0x0000000706000000, 0x0000000706000000, 0x0000000706200000|  0%| F|  |TAMS 0x0000000706000000| PB 0x0000000706000000| Untracked 
|  10|0x0000000706200000, 0x0000000706200000, 0x0000000706400000|  0%| F|  |TAMS 0x0000000706200000| PB 0x0000000706200000| Untracked 
|  11|0x0000000706400000, 0x0000000706400000, 0x0000000706600000|  0%| F|  |TAMS 0x0000000706400000| PB 0x0000000706400000| Untracked 
|  12|0x0000000706600000, 0x0000000706600000, 0x0000000706800000|  0%| F|  |TAMS 0x0000000706600000| PB 0x0000000706600000| Untracked 
|  13|0x0000000706800000, 0x0000000706800000, 0x0000000706a00000|  0%| F|  |TAMS 0x0000000706800000| PB 0x0000000706800000| Untracked 
|  14|0x0000000706a00000, 0x0000000706a00000, 0x0000000706c00000|  0%| F|  |TAMS 0x0000000706a00000| PB 0x0000000706a00000| Untracked 
|  15|0x0000000706c00000, 0x0000000706c00000, 0x0000000706e00000|  0%| F|  |TAMS 0x0000000706c00000| PB 0x0000000706c00000| Untracked 
|  16|0x0000000706e00000, 0x0000000706e00000, 0x0000000707000000|  0%| F|  |TAMS 0x0000000706e00000| PB 0x0000000706e00000| Untracked 
|  17|0x0000000707000000, 0x0000000707000000, 0x0000000707200000|  0%| F|  |TAMS 0x0000000707000000| PB 0x0000000707000000| Untracked 
|  18|0x0000000707200000, 0x0000000707200000, 0x0000000707400000|  0%| F|  |TAMS 0x0000000707200000| PB 0x0000000707200000| Untracked 
|  19|0x0000000707400000, 0x0000000707400000, 0x0000000707600000|  0%| F|  |TAMS 0x0000000707400000| PB 0x0000000707400000| Untracked 
|  20|0x0000000707600000, 0x0000000707600000, 0x0000000707800000|  0%| F|  |TAMS 0x0000000707600000| PB 0x0000000707600000| Untracked 
|  21|0x0000000707800000, 0x0000000707800000, 0x0000000707a00000|  0%| F|  |TAMS 0x0000000707800000| PB 0x0000000707800000| Untracked 
|  22|0x0000000707a00000, 0x0000000707a00000, 0x0000000707c00000|  0%| F|  |TAMS 0x0000000707a00000| PB 0x0000000707a00000| Untracked 
|  23|0x0000000707c00000, 0x0000000707c00000, 0x0000000707e00000|  0%| F|  |TAMS 0x0000000707c00000| PB 0x0000000707c00000| Untracked 
|  24|0x0000000707e00000, 0x0000000707e00000, 0x0000000708000000|  0%| F|  |TAMS 0x0000000707e00000| PB 0x0000000707e00000| Untracked 
|  25|0x0000000708000000, 0x0000000708000000, 0x0000000708200000|  0%| F|  |TAMS 0x0000000708000000| PB 0x0000000708000000| Untracked 
|  26|0x0000000708200000, 0x0000000708200000, 0x0000000708400000|  0%| F|  |TAMS 0x0000000708200000| PB 0x0000000708200000| Untracked 
|  27|0x0000000708400000, 0x0000000708400000, 0x0000000708600000|  0%| F|  |TAMS 0x0000000708400000| PB 0x0000000708400000| Untracked 
|  28|0x0000000708600000, 0x0000000708600000, 0x0000000708800000|  0%| F|  |TAMS 0x0000000708600000| PB 0x0000000708600000| Untracked 
|  29|0x0000000708800000, 0x0000000708800000, 0x0000000708a00000|  0%| F|  |TAMS 0x0000000708800000| PB 0x0000000708800000| Untracked 
|  30|0x0000000708a00000, 0x0000000708a00000, 0x0000000708c00000|  0%| F|  |TAMS 0x0000000708a00000| PB 0x0000000708a00000| Untracked 
|  31|0x0000000708c00000, 0x0000000708c00000, 0x0000000708e00000|  0%| F|  |TAMS 0x0000000708c00000| PB 0x0000000708c00000| Untracked 
|  32|0x0000000708e00000, 0x0000000708e00000, 0x0000000709000000|  0%| F|  |TAMS 0x0000000708e00000| PB 0x0000000708e00000| Untracked 
|  33|0x0000000709000000, 0x0000000709000000, 0x0000000709200000|  0%| F|  |TAMS 0x0000000709000000| PB 0x0000000709000000| Untracked 
|  34|0x0000000709200000, 0x0000000709200000, 0x0000000709400000|  0%| F|  |TAMS 0x0000000709200000| PB 0x0000000709200000| Untracked 
|  35|0x0000000709400000, 0x0000000709400000, 0x0000000709600000|  0%| F|  |TAMS 0x0000000709400000| PB 0x0000000709400000| Untracked 
|  36|0x0000000709600000, 0x0000000709600000, 0x0000000709800000|  0%| F|  |TAMS 0x0000000709600000| PB 0x0000000709600000| Untracked 
|  37|0x0000000709800000, 0x0000000709800000, 0x0000000709a00000|  0%| F|  |TAMS 0x0000000709800000| PB 0x0000000709800000| Untracked 
|  38|0x0000000709a00000, 0x0000000709a00000, 0x0000000709c00000|  0%| F|  |TAMS 0x0000000709a00000| PB 0x0000000709a00000| Untracked 
|  39|0x0000000709c00000, 0x0000000709c00000, 0x0000000709e00000|  0%| F|  |TAMS 0x0000000709c00000| PB 0x0000000709c00000| Untracked 
|  40|0x0000000709e00000, 0x0000000709e00000, 0x000000070a000000|  0%| F|  |TAMS 0x0000000709e00000| PB 0x0000000709e00000| Untracked 
|  41|0x000000070a000000, 0x000000070a000000, 0x000000070a200000|  0%| F|  |TAMS 0x000000070a000000| PB 0x000000070a000000| Untracked 
|  42|0x000000070a200000, 0x000000070a200000, 0x000000070a400000|  0%| F|  |TAMS 0x000000070a200000| PB 0x000000070a200000| Untracked 
|  43|0x000000070a400000, 0x000000070a400000, 0x000000070a600000|  0%| F|  |TAMS 0x000000070a400000| PB 0x000000070a400000| Untracked 
|  44|0x000000070a600000, 0x000000070a600000, 0x000000070a800000|  0%| F|  |TAMS 0x000000070a600000| PB 0x000000070a600000| Untracked 
|  45|0x000000070a800000, 0x000000070a800000, 0x000000070aa00000|  0%| F|  |TAMS 0x000000070a800000| PB 0x000000070a800000| Untracked 
|  46|0x000000070aa00000, 0x000000070aa00000, 0x000000070ac00000|  0%| F|  |TAMS 0x000000070aa00000| PB 0x000000070aa00000| Untracked 
|  47|0x000000070ac00000, 0x000000070ac00000, 0x000000070ae00000|  0%| F|  |TAMS 0x000000070ac00000| PB 0x000000070ac00000| Untracked 
|  48|0x000000070ae00000, 0x000000070ae00000, 0x000000070b000000|  0%| F|  |TAMS 0x000000070ae00000| PB 0x000000070ae00000| Untracked 
|  49|0x000000070b000000, 0x000000070b000000, 0x000000070b200000|  0%| F|  |TAMS 0x000000070b000000| PB 0x000000070b000000| Untracked 
|  50|0x000000070b200000, 0x000000070b200000, 0x000000070b400000|  0%| F|  |TAMS 0x000000070b200000| PB 0x000000070b200000| Untracked 
|  51|0x000000070b400000, 0x000000070b400000, 0x000000070b600000|  0%| F|  |TAMS 0x000000070b400000| PB 0x000000070b400000| Untracked 
|  52|0x000000070b600000, 0x000000070b600000, 0x000000070b800000|  0%| F|  |TAMS 0x000000070b600000| PB 0x000000070b600000| Untracked 
|  53|0x000000070b800000, 0x000000070b800000, 0x000000070ba00000|  0%| F|  |TAMS 0x000000070b800000| PB 0x000000070b800000| Untracked 
|  54|0x000000070ba00000, 0x000000070ba00000, 0x000000070bc00000|  0%| F|  |TAMS 0x000000070ba00000| PB 0x000000070ba00000| Untracked 
|  55|0x000000070bc00000, 0x000000070bc00000, 0x000000070be00000|  0%| F|  |TAMS 0x000000070bc00000| PB 0x000000070bc00000| Untracked 
|  56|0x000000070be00000, 0x000000070be00000, 0x000000070c000000|  0%| F|  |TAMS 0x000000070be00000| PB 0x000000070be00000| Untracked 
|  57|0x000000070c000000, 0x000000070c000000, 0x000000070c200000|  0%| F|  |TAMS 0x000000070c000000| PB 0x000000070c000000| Untracked 
|  58|0x000000070c200000, 0x000000070c200000, 0x000000070c400000|  0%| F|  |TAMS 0x000000070c200000| PB 0x000000070c200000| Untracked 
|  59|0x000000070c400000, 0x000000070c400000, 0x000000070c600000|  0%| F|  |TAMS 0x000000070c400000| PB 0x000000070c400000| Untracked 
|  60|0x000000070c600000, 0x000000070c600000, 0x000000070c800000|  0%| F|  |TAMS 0x000000070c600000| PB 0x000000070c600000| Untracked 
|  61|0x000000070c800000, 0x000000070c800000, 0x000000070ca00000|  0%| F|  |TAMS 0x000000070c800000| PB 0x000000070c800000| Untracked 
|  62|0x000000070ca00000, 0x000000070ca00000, 0x000000070cc00000|  0%| F|  |TAMS 0x000000070ca00000| PB 0x000000070ca00000| Untracked 
|  63|0x000000070cc00000, 0x000000070cc00000, 0x000000070ce00000|  0%| F|  |TAMS 0x000000070cc00000| PB 0x000000070cc00000| Untracked 
|  64|0x000000070ce00000, 0x000000070ce00000, 0x000000070d000000|  0%| F|  |TAMS 0x000000070ce00000| PB 0x000000070ce00000| Untracked 
|  65|0x000000070d000000, 0x000000070d000000, 0x000000070d200000|  0%| F|  |TAMS 0x000000070d000000| PB 0x000000070d000000| Untracked 
|  66|0x000000070d200000, 0x000000070d200000, 0x000000070d400000|  0%| F|  |TAMS 0x000000070d200000| PB 0x000000070d200000| Untracked 
|  67|0x000000070d400000, 0x000000070d400000, 0x000000070d600000|  0%| F|  |TAMS 0x000000070d400000| PB 0x000000070d400000| Untracked 
|  68|0x000000070d600000, 0x000000070d600000, 0x000000070d800000|  0%| F|  |TAMS 0x000000070d600000| PB 0x000000070d600000| Untracked 
|  69|0x000000070d800000, 0x000000070d800000, 0x000000070da00000|  0%| F|  |TAMS 0x000000070d800000| PB 0x000000070d800000| Untracked 
|  70|0x000000070da00000, 0x000000070da00000, 0x000000070dc00000|  0%| F|  |TAMS 0x000000070da00000| PB 0x000000070da00000| Untracked 
|  71|0x000000070dc00000, 0x000000070dc00000, 0x000000070de00000|  0%| F|  |TAMS 0x000000070dc00000| PB 0x000000070dc00000| Untracked 
|  72|0x000000070de00000, 0x000000070de00000, 0x000000070e000000|  0%| F|  |TAMS 0x000000070de00000| PB 0x000000070de00000| Untracked 
|  73|0x000000070e000000, 0x000000070e000000, 0x000000070e200000|  0%| F|  |TAMS 0x000000070e000000| PB 0x000000070e000000| Untracked 
|  74|0x000000070e200000, 0x000000070e200000, 0x000000070e400000|  0%| F|  |TAMS 0x000000070e200000| PB 0x000000070e200000| Untracked 
|  75|0x000000070e400000, 0x000000070e400000, 0x000000070e600000|  0%| F|  |TAMS 0x000000070e400000| PB 0x000000070e400000| Untracked 
|  76|0x000000070e600000, 0x000000070e600000, 0x000000070e800000|  0%| F|  |TAMS 0x000000070e600000| PB 0x000000070e600000| Untracked 
|  77|0x000000070e800000, 0x000000070e800000, 0x000000070ea00000|  0%| F|  |TAMS 0x000000070e800000| PB 0x000000070e800000| Untracked 
|  78|0x000000070ea00000, 0x000000070ea00000, 0x000000070ec00000|  0%| F|  |TAMS 0x000000070ea00000| PB 0x000000070ea00000| Untracked 
|  79|0x000000070ec00000, 0x000000070ec00000, 0x000000070ee00000|  0%| F|  |TAMS 0x000000070ec00000| PB 0x000000070ec00000| Untracked 
|  80|0x000000070ee00000, 0x000000070ee00000, 0x000000070f000000|  0%| F|  |TAMS 0x000000070ee00000| PB 0x000000070ee00000| Untracked 
|  81|0x000000070f000000, 0x000000070f000000, 0x000000070f200000|  0%| F|  |TAMS 0x000000070f000000| PB 0x000000070f000000| Untracked 
|  82|0x000000070f200000, 0x000000070f200000, 0x000000070f400000|  0%| F|  |TAMS 0x000000070f200000| PB 0x000000070f200000| Untracked 
|  83|0x000000070f400000, 0x000000070f400000, 0x000000070f600000|  0%| F|  |TAMS 0x000000070f400000| PB 0x000000070f400000| Untracked 
|  84|0x000000070f600000, 0x000000070f600000, 0x000000070f800000|  0%| F|  |TAMS 0x000000070f600000| PB 0x000000070f600000| Untracked 
|  85|0x000000070f800000, 0x000000070f800000, 0x000000070fa00000|  0%| F|  |TAMS 0x000000070f800000| PB 0x000000070f800000| Untracked 
|  86|0x000000070fa00000, 0x000000070fa00000, 0x000000070fc00000|  0%| F|  |TAMS 0x000000070fa00000| PB 0x000000070fa00000| Untracked 
|  87|0x000000070fc00000, 0x000000070fc00000, 0x000000070fe00000|  0%| F|  |TAMS 0x000000070fc00000| PB 0x000000070fc00000| Untracked 
|  88|0x000000070fe00000, 0x000000070fe00000, 0x0000000710000000|  0%| F|  |TAMS 0x000000070fe00000| PB 0x000000070fe00000| Untracked 
|  89|0x0000000710000000, 0x0000000710000000, 0x0000000710200000|  0%| F|  |TAMS 0x0000000710000000| PB 0x0000000710000000| Untracked 
|  90|0x0000000710200000, 0x0000000710200000, 0x0000000710400000|  0%| F|  |TAMS 0x0000000710200000| PB 0x0000000710200000| Untracked 
|  91|0x0000000710400000, 0x0000000710400000, 0x0000000710600000|  0%| F|  |TAMS 0x0000000710400000| PB 0x0000000710400000| Untracked 
|  92|0x0000000710600000, 0x0000000710600000, 0x0000000710800000|  0%| F|  |TAMS 0x0000000710600000| PB 0x0000000710600000| Untracked 
|  93|0x0000000710800000, 0x0000000710800000, 0x0000000710a00000|  0%| F|  |TAMS 0x0000000710800000| PB 0x0000000710800000| Untracked 
|  94|0x0000000710a00000, 0x0000000710a00000, 0x0000000710c00000|  0%| F|  |TAMS 0x0000000710a00000| PB 0x0000000710a00000| Untracked 
|  95|0x0000000710c00000, 0x0000000710c00000, 0x0000000710e00000|  0%| F|  |TAMS 0x0000000710c00000| PB 0x0000000710c00000| Untracked 
|  96|0x0000000710e00000, 0x0000000710e00000, 0x0000000711000000|  0%| F|  |TAMS 0x0000000710e00000| PB 0x0000000710e00000| Untracked 
|  97|0x0000000711000000, 0x0000000711000000, 0x0000000711200000|  0%| F|  |TAMS 0x0000000711000000| PB 0x0000000711000000| Untracked 
|  98|0x0000000711200000, 0x0000000711200000, 0x0000000711400000|  0%| F|  |TAMS 0x0000000711200000| PB 0x0000000711200000| Untracked 
|  99|0x0000000711400000, 0x0000000711400000, 0x0000000711600000|  0%| F|  |TAMS 0x0000000711400000| PB 0x0000000711400000| Untracked 
| 100|0x0000000711600000, 0x0000000711600000, 0x0000000711800000|  0%| F|  |TAMS 0x0000000711600000| PB 0x0000000711600000| Untracked 
| 101|0x0000000711800000, 0x0000000711800000, 0x0000000711a00000|  0%| F|  |TAMS 0x0000000711800000| PB 0x0000000711800000| Untracked 
| 102|0x0000000711a00000, 0x0000000711a00000, 0x0000000711c00000|  0%| F|  |TAMS 0x0000000711a00000| PB 0x0000000711a00000| Untracked 
| 103|0x0000000711c00000, 0x0000000711c00000, 0x0000000711e00000|  0%| F|  |TAMS 0x0000000711c00000| PB 0x0000000711c00000| Untracked 
| 104|0x0000000711e00000, 0x0000000711e00000, 0x0000000712000000|  0%| F|  |TAMS 0x0000000711e00000| PB 0x0000000711e00000| Untracked 
| 105|0x0000000712000000, 0x0000000712000000, 0x0000000712200000|  0%| F|  |TAMS 0x0000000712000000| PB 0x0000000712000000| Untracked 
| 106|0x0000000712200000, 0x0000000712200000, 0x0000000712400000|  0%| F|  |TAMS 0x0000000712200000| PB 0x0000000712200000| Untracked 
| 107|0x0000000712400000, 0x0000000712400000, 0x0000000712600000|  0%| F|  |TAMS 0x0000000712400000| PB 0x0000000712400000| Untracked 
| 108|0x0000000712600000, 0x0000000712600000, 0x0000000712800000|  0%| F|  |TAMS 0x0000000712600000| PB 0x0000000712600000| Untracked 
| 109|0x0000000712800000, 0x0000000712800000, 0x0000000712a00000|  0%| F|  |TAMS 0x0000000712800000| PB 0x0000000712800000| Untracked 
| 110|0x0000000712a00000, 0x0000000712a00000, 0x0000000712c00000|  0%| F|  |TAMS 0x0000000712a00000| PB 0x0000000712a00000| Untracked 
| 111|0x0000000712c00000, 0x0000000712c00000, 0x0000000712e00000|  0%| F|  |TAMS 0x0000000712c00000| PB 0x0000000712c00000| Untracked 
| 112|0x0000000712e00000, 0x0000000712e00000, 0x0000000713000000|  0%| F|  |TAMS 0x0000000712e00000| PB 0x0000000712e00000| Untracked 
| 113|0x0000000713000000, 0x00000007131e32e0, 0x0000000713200000| 94%| S|CS|TAMS 0x0000000713000000| PB 0x0000000713000000| Complete 
| 114|0x0000000713200000, 0x0000000713400000, 0x0000000713400000|100%| S|CS|TAMS 0x0000000713200000| PB 0x0000000713200000| Complete 
| 115|0x0000000713400000, 0x0000000713400000, 0x0000000713600000|  0%| F|  |TAMS 0x0000000713400000| PB 0x0000000713400000| Untracked 
| 116|0x0000000713600000, 0x0000000713600000, 0x0000000713800000|  0%| F|  |TAMS 0x0000000713600000| PB 0x0000000713600000| Untracked 
| 117|0x0000000713800000, 0x0000000713800000, 0x0000000713a00000|  0%| F|  |TAMS 0x0000000713800000| PB 0x0000000713800000| Untracked 
| 118|0x0000000713a00000, 0x0000000713a00000, 0x0000000713c00000|  0%| F|  |TAMS 0x0000000713a00000| PB 0x0000000713a00000| Untracked 
| 119|0x0000000713c00000, 0x0000000713c00000, 0x0000000713e00000|  0%| F|  |TAMS 0x0000000713c00000| PB 0x0000000713c00000| Untracked 
| 120|0x0000000713e00000, 0x0000000713e00000, 0x0000000714000000|  0%| F|  |TAMS 0x0000000713e00000| PB 0x0000000713e00000| Untracked 
| 121|0x0000000714000000, 0x0000000714000000, 0x0000000714200000|  0%| F|  |TAMS 0x0000000714000000| PB 0x0000000714000000| Untracked 
| 122|0x0000000714200000, 0x0000000714257d48, 0x0000000714400000| 17%| E|  |TAMS 0x0000000714200000| PB 0x0000000714200000| Complete 
| 123|0x0000000714400000, 0x0000000714600000, 0x0000000714600000|100%| E|CS|TAMS 0x0000000714400000| PB 0x0000000714400000| Complete 
| 124|0x0000000714600000, 0x0000000714800000, 0x0000000714800000|100%| E|CS|TAMS 0x0000000714600000| PB 0x0000000714600000| Complete 
| 125|0x0000000714800000, 0x0000000714a00000, 0x0000000714a00000|100%| E|CS|TAMS 0x0000000714800000| PB 0x0000000714800000| Complete 

Card table byte_map: [0x0000019472200000,0x00000194729e0000] _byte_map_base: 0x000001946e9d9000

Marking Bits: (CMBitMap*) 0x000001946ddb8c10
 Bits: [0x00000194729e0000, 0x00000194768a8000)

Polling page: 0x000001946bad0000

Metaspace:

Usage:
  Non-class:      5.25 MB used.
      Class:    725.12 KB used.
       Both:      5.96 MB used.

Virtual space:
  Non-class space:       64.00 MB reserved,       5.38 MB (  8%) committed,  1 nodes.
      Class space:        1.00 GB reserved,     832.00 KB ( <1%) committed,  1 nodes.
             Both:        1.06 GB reserved,       6.19 MB ( <1%) committed. 

Chunk freelists:
   Non-Class:  8.92 MB
       Class:  15.23 MB
        Both:  24.16 MB

MaxMetaspaceSize: unlimited
CompressedClassSpaceSize: 1.00 GB
Initial GC threshold: 21.00 MB
Current GC threshold: 21.00 MB
CDS: on
 - commit_granule_bytes: 65536.
 - commit_granule_words: 8192.
 - virtual_space_node_default_size: 8388608.
 - enlarge_chunks_in_place: 1.
 - use_allocation_guard: 0.


Internal statistics:

num_allocs_failed_limit: 0.
num_arena_births: 60.
num_arena_deaths: 0.
num_vsnodes_births: 2.
num_vsnodes_deaths: 0.
num_space_committed: 99.
num_space_uncommitted: 0.
num_chunks_returned_to_freelist: 0.
num_chunks_taken_from_freelist: 237.
num_chunk_merges: 0.
num_chunk_splits: 153.
num_chunks_enlarged: 124.
num_inconsistent_stats: 0.

CodeHeap 'non-profiled nmethods': size=120000Kb used=444Kb max_used=444Kb free=119555Kb
 bounds [0x0000019407ad0000, 0x0000019407d40000, 0x000001940f000000]
CodeHeap 'profiled nmethods': size=120000Kb used=2412Kb max_used=2412Kb free=117587Kb
 bounds [0x0000019400000000, 0x0000019400270000, 0x0000019407530000]
CodeHeap 'non-nmethods': size=5760Kb used=1434Kb max_used=1443Kb free=4325Kb
 bounds [0x0000019407530000, 0x00000194077a0000, 0x0000019407ad0000]
CodeCache: size=245760Kb, used=4290Kb, max_used=4299Kb, free=241467Kb
 total_blobs=1755, nmethods=1287, adapters=371, full_count=0
Compilation: enabled, stopped_count=0, restarted_count=0

Compilation events (20 events):
Event: 2.023 Thread 0x000001947e0ce330 nmethod 1145 0x0000019407b35510 code [0x0000019407b356e0, 0x0000019407b35b50]
Event: 2.023 Thread 0x000001947e0ce330 1158       4       sun.nio.cs.UTF_8$Decoder::decodeArrayLoop (688 bytes)
Event: 2.026 Thread 0x000001947934dba0 1172       1       org.codehaus.plexus.util.xml.pull.MXParser::getDepth (5 bytes)
Event: 2.026 Thread 0x000001947934dba0 nmethod 1172 0x0000019407b35f10 code [0x0000019407b360a0, 0x0000019407b36168]
Event: 2.027 Thread 0x000001947934b980 nmethod 1166 0x0000019407b36210 code [0x0000019407b363e0, 0x0000019407b36b98]
Event: 2.027 Thread 0x000001947934b980 1171   !   4       sun.nio.cs.StreamDecoder::read (78 bytes)
Event: 2.029 Thread 0x000001947e0ce330 nmethod 1158 0x0000019407b36f90 code [0x0000019407b37180, 0x0000019407b379b0]
Event: 2.030 Thread 0x000001947e0ce330 1173       4       sun.nio.cs.StreamDecoder::lockedRead (189 bytes)
Event: 2.035 Thread 0x000001947934dba0 1175       3       java.util.Collections::emptyMap (4 bytes)
Event: 2.035 Thread 0x000001947934dba0 nmethod 1175 0x0000019400230990 code [0x0000019400230b20, 0x0000019400230c18]
Event: 2.037 Thread 0x000001947934dba0 1179 %     3       org.codehaus.plexus.util.InterpolationFilterReader::read @ 3 (48 bytes)
Event: 2.037 Thread 0x000001947934dba0 nmethod 1179% 0x0000019400230c90 code [0x0000019400230e60, 0x0000019400231250]
Event: 2.037 Thread 0x000001947934dba0 1180       3       org.codehaus.plexus.util.InterpolationFilterReader::read (48 bytes)
Event: 2.038 Thread 0x000001947934dba0 nmethod 1180 0x0000019400231410 code [0x00000194002315e0, 0x00000194002318e8]
Event: 2.040 Thread 0x000001947934dba0 1181       2       org.codehaus.plexus.util.xml.pull.MXParser::require (468 bytes)
Event: 2.044 Thread 0x000001947934dba0 nmethod 1181 0x0000019400231a90 code [0x0000019400232060, 0x00000194002337a8]
Event: 2.055 Thread 0x000001947934dba0 1182       2       org.eclipse.sisu.space.URLClassSpace::deferLoadClass (10 bytes)
Event: 2.055 Thread 0x000001947934dba0 nmethod 1182 0x0000019400234510 code [0x00000194002346c0, 0x00000194002348f0]
Event: 2.055 Thread 0x000001947934dba0 1183       2       org.eclipse.sisu.space.NamedClass::<init> (15 bytes)
Event: 2.055 Thread 0x000001947934dba0 nmethod 1183 0x0000019400234990 code [0x0000019400234b40, 0x0000019400234d10]

GC Heap History (2 events):
Event: 2.010 GC heap before
{Heap before GC invocations=0 (full 0):
 garbage-first heap   total 258048K, used 22528K [0x0000000704e00000, 0x0000000800000000)
  region size 2048K, 11 young (22528K), 0 survivors (0K)
 Metaspace       used 5778K, committed 6016K, reserved 1114112K
  class space    used 680K, committed 768K, reserved 1048576K
}
Event: 2.017 GC heap after
{Heap after GC invocations=1 (full 0):
 garbage-first heap   total 258048K, used 3980K [0x0000000704e00000, 0x0000000800000000)
  region size 2048K, 2 young (4096K), 2 survivors (4096K)
 Metaspace       used 5778K, committed 6016K, reserved 1114112K
  class space    used 680K, committed 768K, reserved 1048576K
}

Dll operation events (7 events):
Event: 0.011 Loaded shared library C:\Users\Admin\.p2\pool\plugins\org.eclipse.justj.openjdk.hotspot.jre.full.win32.x86_64_21.0.9.v20251105-0741\jre\bin\java.dll
Event: 0.040 Loaded shared library C:\Users\Admin\.p2\pool\plugins\org.eclipse.justj.openjdk.hotspot.jre.full.win32.x86_64_21.0.9.v20251105-0741\jre\bin\zip.dll
Event: 0.060 Loaded shared library C:\Users\Admin\.p2\pool\plugins\org.eclipse.justj.openjdk.hotspot.jre.full.win32.x86_64_21.0.9.v20251105-0741\jre\bin\net.dll
Event: 0.062 Loaded shared library C:\Users\Admin\.p2\pool\plugins\org.eclipse.justj.openjdk.hotspot.jre.full.win32.x86_64_21.0.9.v20251105-0741\jre\bin\nio.dll
Event: 0.076 Loaded shared library C:\Users\Admin\.p2\pool\plugins\org.eclipse.justj.openjdk.hotspot.jre.full.win32.x86_64_21.0.9.v20251105-0741\jre\bin\zip.dll
Event: 1.128 Loaded shared library C:\Users\Admin\.p2\pool\plugins\org.eclipse.justj.openjdk.hotspot.jre.full.win32.x86_64_21.0.9.v20251105-0741\jre\bin\jimage.dll
Event: 1.538 Loaded shared library C:\Users\Admin\AppData\Local\Temp\jansi-2.4.2-4478c4c640bb64ae-jansi.dll

Deoptimization events (20 events):
Event: 1.949 Thread 0x000001946b925800 Uncommon trap: trap_request=0xffffff76 fr.pc=0x0000019407b0f980 relative=0x0000000000000320
Event: 1.949 Thread 0x000001946b925800 Uncommon trap: reason=predicate action=maybe_recompile pc=0x0000019407b0f980 method=java.util.regex.Pattern$BmpCharPropertyGreedy.match(Ljava/util/regex/Matcher;ILjava/lang/CharSequence;)Z @ 12 c2
Event: 1.949 Thread 0x000001946b925800 DEOPT PACKING pc=0x0000019407b0f980 sp=0x000000302dffdfb0
Event: 1.949 Thread 0x000001946b925800 DEOPT UNPACKING pc=0x0000019407587ba2 sp=0x000000302dffdf68 mode 2
Event: 2.006 Thread 0x000001946b925800 Uncommon trap: trap_request=0xffffffde fr.pc=0x0000019407b0ead4 relative=0x00000000000005b4
Event: 2.006 Thread 0x000001946b925800 Uncommon trap: reason=class_check action=maybe_recompile pc=0x0000019407b0ead4 method=java.util.regex.Matcher.search(I)Z @ 121 c2
Event: 2.006 Thread 0x000001946b925800 DEOPT PACKING pc=0x0000019407b0ead4 sp=0x000000302dffe1d0
Event: 2.006 Thread 0x000001946b925800 DEOPT UNPACKING pc=0x0000019407587ba2 sp=0x000000302dffe1b0 mode 2
Event: 2.006 Thread 0x000001946b925800 Uncommon trap: trap_request=0xffffff45 fr.pc=0x0000019407b2c024 relative=0x00000000000019c4
Event: 2.006 Thread 0x000001946b925800 Uncommon trap: reason=unstable_if action=reinterpret pc=0x0000019407b2c024 method=java.nio.charset.CharsetDecoder.decode(Ljava/nio/ByteBuffer;Ljava/nio/CharBuffer;Z)Ljava/nio/charset/CoderResult; @ 15 c2
Event: 2.006 Thread 0x000001946b925800 DEOPT PACKING pc=0x0000019407b2c024 sp=0x000000302dffe050
Event: 2.006 Thread 0x000001946b925800 DEOPT UNPACKING pc=0x0000019407587ba2 sp=0x000000302dffdc38 mode 2
Event: 2.017 Thread 0x0000019478aa4a40 Uncommon trap: trap_request=0xffffff45 fr.pc=0x0000019407b26e60 relative=0x0000000000000040
Event: 2.017 Thread 0x0000019478aa4a40 Uncommon trap: reason=unstable_if action=reinterpret pc=0x0000019407b26e60 method=java.util.concurrent.locks.AbstractQueuedSynchronizer.signalNext(Ljava/util/concurrent/locks/AbstractQueuedSynchronizer$Node;)V @ 1 c2
Event: 2.017 Thread 0x0000019478aa4a40 DEOPT PACKING pc=0x0000019407b26e60 sp=0x000000302e7ff340
Event: 2.017 Thread 0x0000019478aa4a40 DEOPT UNPACKING pc=0x0000019407587ba2 sp=0x000000302e7ff2d0 mode 2
Event: 2.018 Thread 0x000001946b925800 Uncommon trap: trap_request=0xffffff45 fr.pc=0x0000019407b3105c relative=0x00000000000016fc
Event: 2.018 Thread 0x000001946b925800 Uncommon trap: reason=unstable_if action=reinterpret pc=0x0000019407b3105c method=java.nio.charset.CoderResult.isOverflow()Z @ 5 c2
Event: 2.018 Thread 0x000001946b925800 DEOPT PACKING pc=0x0000019407b3105c sp=0x000000302dffe080
Event: 2.018 Thread 0x000001946b925800 DEOPT UNPACKING pc=0x0000019407587ba2 sp=0x000000302dffdcb0 mode 2

Classes loaded (20 events):
Event: 1.924 Loading class java/util/concurrent/CancellationException
Event: 1.924 Loading class java/util/concurrent/CancellationException done
Event: 1.931 Loading class java/lang/reflect/ParameterizedType
Event: 1.931 Loading class java/lang/reflect/ParameterizedType done
Event: 1.932 Loading class java/lang/reflect/WildcardType
Event: 1.932 Loading class java/lang/reflect/WildcardType done
Event: 1.935 Loading class sun/reflect/generics/tree/TypeVariableSignature
Event: 1.935 Loading class sun/reflect/generics/tree/TypeVariableSignature done
Event: 1.945 Loading class java/lang/annotation/IncompleteAnnotationException
Event: 1.945 Loading class java/lang/annotation/IncompleteAnnotationException done
Event: 1.948 Loading class jdk/internal/foreign/MemorySessionImpl
Event: 1.948 Loading class java/lang/foreign/MemorySegment$Scope
Event: 1.948 Loading class java/lang/foreign/MemorySegment$Scope done
Event: 1.948 Loading class jdk/internal/foreign/MemorySessionImpl done
Event: 1.998 Loading class java/lang/foreign/MemorySegment
Event: 1.998 Loading class java/lang/foreign/MemorySegment done
Event: 2.017 Loading class java/util/WeakHashMap$KeyIterator
Event: 2.017 Loading class java/util/WeakHashMap$HashIterator
Event: 2.017 Loading class java/util/WeakHashMap$HashIterator done
Event: 2.017 Loading class java/util/WeakHashMap$KeyIterator done

Classes unloaded (0 events):
No events

Classes redefined (0 events):
No events

Internal exceptions (20 events):
Event: 1.543 Thread 0x000001946b925800 Exception <a 'java/lang/NullPointerException'{0x00000007145c1d78}> (0x00000007145c1d78) 
thrown [s\src\hotspot\share\interpreter\linkResolver.cpp, line 1372]
Event: 1.543 Thread 0x000001946b925800 Exception <a 'java/lang/NullPointerException'{0x00000007145c2058}> (0x00000007145c2058) 
thrown [s\src\hotspot\share\interpreter\linkResolver.cpp, line 1372]
Event: 1.543 Thread 0x000001946b925800 Exception <a 'java/lang/NullPointerException'{0x00000007145c2338}> (0x00000007145c2338) 
thrown [s\src\hotspot\share\interpreter\linkResolver.cpp, line 1372]
Event: 1.543 Thread 0x000001946b925800 Exception <a 'java/lang/NullPointerException'{0x00000007145c2618}> (0x00000007145c2618) 
thrown [s\src\hotspot\share\interpreter\linkResolver.cpp, line 1372]
Event: 1.553 Thread 0x000001946b925800 Exception <a 'java/lang/NoSuchMethodError'{0x00000007142753c0}: 'void java.lang.invoke.DirectMethodHandle$Holder.invokeVirtual(java.lang.Object, java.lang.Object)'> (0x00000007142753c0) 
thrown [s\src\hotspot\share\interpreter\linkResolver.cpp, line 773]
Event: 1.556 Thread 0x000001946b925800 Exception <a 'java/lang/NoSuchMethodError'{0x00000007142929d8}: 'void java.lang.invoke.DirectMethodHandle$Holder.invokeStatic(java.lang.Object, java.lang.Object)'> (0x00000007142929d8) 
thrown [s\src\hotspot\share\interpreter\linkResolver.cpp, line 773]
Event: 1.556 Thread 0x000001946b925800 Exception <a 'java/lang/NoSuchMethodError'{0x0000000714295ad0}: 'void java.lang.invoke.DirectMethodHandle$Holder.invokeStaticInit(java.lang.Object, java.lang.Object)'> (0x0000000714295ad0) 
thrown [s\src\hotspot\share\interpreter\linkResolver.cpp, line 773]
Event: 1.561 Thread 0x000001946b925800 Exception <a 'java/lang/NoSuchMethodError'{0x00000007142bb358}: 'void java.lang.invoke.DirectMethodHandle$Holder.invokeSpecial(java.lang.Object, java.lang.Object, java.lang.Object, java.lang.Object, java.lang.Object)'> (0x00000007142bb358) 
thrown [s\src\hotspot\share\interpreter\linkResolver.cpp, line 773]
Event: 1.569 Thread 0x000001946b925800 Exception <a 'java/lang/NoSuchMethodError'{0x00000007142f45a8}: 'void java.lang.invoke.DirectMethodHandle$Holder.invokeStatic(java.lang.Object, java.lang.Object, java.lang.Object)'> (0x00000007142f45a8) 
thrown [s\src\hotspot\share\interpreter\linkResolver.cpp, line 773]
Event: 1.687 Thread 0x000001946b925800 Exception <a 'java/lang/NullPointerException'{0x00000007143ebc78}> (0x00000007143ebc78) 
thrown [s\src\hotspot\share\interpreter\linkResolver.cpp, line 1372]
Event: 1.687 Thread 0x000001946b925800 Exception <a 'java/lang/NullPointerException'{0x00000007143f24d0}> (0x00000007143f24d0) 
thrown [s\src\hotspot\share\interpreter\linkResolver.cpp, line 1372]
Event: 1.720 Thread 0x000001946b925800 Exception <a 'java/lang/NoSuchMethodError'{0x00000007140d13a8}: 'java.lang.Object java.lang.invoke.DirectMethodHandle$Holder.invokeSpecialIFC(java.lang.Object, java.lang.Object, java.lang.Object, java.lang.Object)'> (0x00000007140d13a8) 
thrown [s\src\hotspot\share\interpreter\linkResolver.cpp, line 773]
Event: 1.848 Thread 0x000001946b925800 Exception <a 'java/lang/NoSuchMethodError'{0x0000000713a864d8}: 'void java.lang.invoke.DirectMethodHandle$Holder.invokeSpecial(java.lang.Object, java.lang.Object, java.lang.Object)'> (0x0000000713a864d8) 
thrown [s\src\hotspot\share\interpreter\linkResolver.cpp, line 773]
Event: 1.867 Thread 0x000001946b925800 Exception <a 'java/lang/NoSuchMethodError'{0x0000000713bde4a8}: 'java.lang.Object java.lang.invoke.DirectMethodHandle$Holder.invokeInterface(java.lang.Object, java.lang.Object)'> (0x0000000713bde4a8) 
thrown [s\src\hotspot\share\interpreter\linkResolver.cpp, line 773]
Event: 1.876 Thread 0x000001946b925800 Exception <a 'java/lang/NoSuchMethodError'{0x000000071387f468}: 'int java.lang.invoke.DirectMethodHandle$Holder.invokeStatic(java.lang.Object, java.lang.Object, java.lang.Object, java.lang.Object)'> (0x000000071387f468) 
thrown [s\src\hotspot\share\interpreter\linkResolver.cpp, line 773]
Event: 1.877 Thread 0x000001946b925800 Exception <a 'java/lang/NoSuchMethodError'{0x0000000713882b38}: 'java.lang.Object java.lang.invoke.Invokers$Holder.invokeExact_MT(java.lang.Object, java.lang.Object, java.lang.Object, java.lang.Object, java.lang.Object, java.lang.Object)'> (0x0000000713882b38) 
thrown [s\src\hotspot\share\interpreter\linkResolver.cpp, line 773]
Event: 1.878 Thread 0x000001946b925800 Exception <a 'java/lang/NoSuchMethodError'{0x0000000713894dd0}: 'int java.lang.invoke.DirectMethodHandle$Holder.invokeSpecialIFC(java.lang.Object, java.lang.Object, java.lang.Object, java.lang.Object, java.lang.Object)'> (0x0000000713894dd0) 
thrown [s\src\hotspot\share\interpreter\linkResolver.cpp, line 773]
Event: 1.914 Thread 0x000001946b925800 Exception <a 'java/lang/NoSuchMethodError'{0x000000071362b700}: 'java.lang.Object java.lang.invoke.DirectMethodHandle$Holder.newInvokeSpecial(java.lang.Object, java.lang.Object, java.lang.Object, java.lang.Object, java.lang.Object)'> (0x000000071362b700) 
thrown [s\src\hotspot\share\interpreter\linkResolver.cpp, line 773]
Event: 1.938 Thread 0x000001946b925800 Exception <a 'java/lang/NoSuchMethodError'{0x0000000713749dc8}: 'int java.lang.invoke.DirectMethodHandle$Holder.invokeStaticInit(java.lang.Object, java.lang.Object)'> (0x0000000713749dc8) 
thrown [s\src\hotspot\share\interpreter\linkResolver.cpp, line 773]
Event: 1.946 Thread 0x000001946b925800 Exception <a 'java/lang/NoClassDefFoundError'{0x00000007137808c0}: javax/enterprise/inject/Typed> (0x00000007137808c0) 
thrown [s\src\hotspot\share\classfile\systemDictionary.cpp, line 301]

ZGC Phase Switch (0 events):
No events

VM Operations (10 events):
Event: 0.077 Executing VM operation: HandshakeAllThreads (Deoptimize)
Event: 0.077 Executing VM operation: HandshakeAllThreads (Deoptimize) done
Event: 1.082 Executing VM operation: Cleanup
Event: 1.082 Executing VM operation: Cleanup done
Event: 1.123 Executing VM operation: HandshakeAllThreads (Deoptimize)
Event: 1.124 Executing VM operation: HandshakeAllThreads (Deoptimize) done
Event: 1.131 Executing VM operation: HandshakeAllThreads (Deoptimize)
Event: 1.131 Executing VM operation: HandshakeAllThreads (Deoptimize) done
Event: 2.010 Executing VM operation: G1CollectForAllocation (G1 Evacuation Pause)
Event: 2.017 Executing VM operation: G1CollectForAllocation (G1 Evacuation Pause) done

Memory protections (0 events):
No events

Nmethod flushes (0 events):
No events

Events (15 events):
Event: 0.029 Thread 0x000001946b925800 Thread added: 0x000001946b925800
Event: 0.041 Thread 0x000001946b925800 Thread added: 0x0000019478aa4a40
Event: 0.041 Thread 0x000001946b925800 Thread added: 0x0000019478aa5690
Event: 0.041 Thread 0x000001946b925800 Thread added: 0x00000194793393c0
Event: 0.041 Thread 0x000001946b925800 Thread added: 0x0000019478aa8fb0
Event: 0.042 Thread 0x000001946b925800 Thread added: 0x0000019479342390
Event: 0.042 Thread 0x000001946b925800 Thread added: 0x00000194793462a0
Event: 0.042 Thread 0x000001946b925800 Thread added: 0x000001947934b980
Event: 0.042 Thread 0x000001946b925800 Thread added: 0x000001947934dba0
Event: 0.056 Thread 0x000001946b925800 Thread added: 0x0000019479484520
Event: 0.057 Thread 0x000001946b925800 Thread added: 0x000001947948fb80
Event: 1.127 Thread 0x000001946b925800 Thread added: 0x000001947981ae00
Event: 1.134 Thread 0x000001947981ae00 Thread exited: 0x000001947981ae00
Event: 1.952 Thread 0x000001947934dba0 Thread added: 0x000001947e0ce330
Event: 1.988 Thread 0x000001947934dba0 Thread added: 0x000001947e4d2ab0


Dynamic libraries:
0x00007ff686c00000 - 0x00007ff686c0e000 	C:\Users\Admin\.p2\pool\plugins\org.eclipse.justj.openjdk.hotspot.jre.full.win32.x86_64_21.0.9.v20251105-0741\jre\bin\javaw.exe
0x00007ff9aa880000 - 0x00007ff9aaae7000 	C:\WINDOWS\SYSTEM32\ntdll.dll
0x00007ff965190000 - 0x00007ff9651b0000 	C:\Program Files\AVG\Antivirus\aswhook.dll
0x00007ff9a9260000 - 0x00007ff9a9329000 	C:\WINDOWS\System32\KERNEL32.DLL
0x00007ff9a76d0000 - 0x00007ff9a7ac1000 	C:\WINDOWS\System32\KERNELBASE.dll
0x00007ff9a7160000 - 0x00007ff9a72ab000 	C:\WINDOWS\System32\ucrtbase.dll
0x00007ff980a30000 - 0x00007ff980a4e000 	C:\Users\Admin\.p2\pool\plugins\org.eclipse.justj.openjdk.hotspot.jre.full.win32.x86_64_21.0.9.v20251105-0741\jre\bin\VCRUNTIME140.dll
0x00007ff9819a0000 - 0x00007ff9819b8000 	C:\Users\Admin\.p2\pool\plugins\org.eclipse.justj.openjdk.hotspot.jre.full.win32.x86_64_21.0.9.v20251105-0741\jre\bin\jli.dll
0x00007ff9a9bc0000 - 0x00007ff9a9d85000 	C:\WINDOWS\System32\USER32.dll
0x00007ff9a73f0000 - 0x00007ff9a7417000 	C:\WINDOWS\System32\win32u.dll
0x00007ff983aa0000 - 0x00007ff983d33000 	C:\WINDOWS\WinSxS\amd64_microsoft.windows.common-controls_6595b64144ccf1df_6.0.26100.8037_none_3e092faae333b53b\COMCTL32.dll
0x00007ff9a8620000 - 0x00007ff9a864b000 	C:\WINDOWS\System32\GDI32.dll
0x00007ff9a8750000 - 0x00007ff9a87f9000 	C:\WINDOWS\System32\msvcrt.dll
0x00007ff9a75a0000 - 0x00007ff9a76cb000 	C:\WINDOWS\System32\gdi32full.dll
0x00007ff9a7b90000 - 0x00007ff9a7c33000 	C:\WINDOWS\System32\msvcp_win.dll
0x00007ff9aa6f0000 - 0x00007ff9aa721000 	C:\WINDOWS\System32\IMM32.DLL
0x00007ff9a1a50000 - 0x00007ff9a1a5c000 	C:\Users\Admin\.p2\pool\plugins\org.eclipse.justj.openjdk.hotspot.jre.full.win32.x86_64_21.0.9.v20251105-0741\jre\bin\vcruntime140_1.dll
0x00007ff948010000 - 0x00007ff94809d000 	C:\Users\Admin\.p2\pool\plugins\org.eclipse.justj.openjdk.hotspot.jre.full.win32.x86_64_21.0.9.v20251105-0741\jre\bin\msvcp140.dll
0x00007ff8e3ba0000 - 0x00007ff8e4940000 	C:\Users\Admin\.p2\pool\plugins\org.eclipse.justj.openjdk.hotspot.jre.full.win32.x86_64_21.0.9.v20251105-0741\jre\bin\server\jvm.dll
0x00007ff9aa730000 - 0x00007ff9aa7eb000 	C:\WINDOWS\System32\ADVAPI32.dll
0x00007ff9aa640000 - 0x00007ff9aa6e7000 	C:\WINDOWS\System32\sechost.dll
0x00007ff9a9140000 - 0x00007ff9a9258000 	C:\WINDOWS\System32\RPCRT4.dll
0x00007ff9a8da0000 - 0x00007ff9a8e14000 	C:\WINDOWS\System32\WS2_32.dll
0x00007ff99c040000 - 0x00007ff99c075000 	C:\WINDOWS\SYSTEM32\WINMM.dll
0x00007ff99be70000 - 0x00007ff99be7b000 	C:\WINDOWS\SYSTEM32\VERSION.dll
0x00007ff9a6fc0000 - 0x00007ff9a701e000 	C:\WINDOWS\SYSTEM32\POWRPROF.dll
0x00007ff9a6fa0000 - 0x00007ff9a6fb4000 	C:\WINDOWS\SYSTEM32\UMPDC.dll
0x00007ff9a5ef0000 - 0x00007ff9a5f0b000 	C:\WINDOWS\SYSTEM32\kernel.appcore.dll
0x00007ff990590000 - 0x00007ff99059a000 	C:\Users\Admin\.p2\pool\plugins\org.eclipse.justj.openjdk.hotspot.jre.full.win32.x86_64_21.0.9.v20251105-0741\jre\bin\jimage.dll
0x00007ff9a4ff0000 - 0x00007ff9a5232000 	C:\WINDOWS\SYSTEM32\DBGHELP.DLL
0x00007ff9aa230000 - 0x00007ff9aa5b2000 	C:\WINDOWS\System32\combase.dll
0x00007ff9a8e30000 - 0x00007ff9a8f07000 	C:\WINDOWS\System32\OLEAUT32.dll
0x00007ff994550000 - 0x00007ff99458b000 	C:\WINDOWS\SYSTEM32\dbgcore.DLL
0x00007ff9a7340000 - 0x00007ff9a73e5000 	C:\WINDOWS\System32\bcryptPrimitives.dll
0x00007ff990420000 - 0x00007ff990440000 	C:\Users\Admin\.p2\pool\plugins\org.eclipse.justj.openjdk.hotspot.jre.full.win32.x86_64_21.0.9.v20251105-0741\jre\bin\java.dll
0x00007ff9a9450000 - 0x00007ff9a9baf000 	C:\WINDOWS\System32\SHELL32.dll
0x00007ff9a7c40000 - 0x00007ff9a7daa000 	C:\WINDOWS\System32\wintypes.dll
0x00007ff9a7db0000 - 0x00007ff9a8614000 	C:\WINDOWS\System32\windows.storage.dll
0x00007ff9a8650000 - 0x00007ff9a8747000 	C:\WINDOWS\System32\SHCORE.dll
0x00007ff9a8b90000 - 0x00007ff9a8bf7000 	C:\WINDOWS\System32\shlwapi.dll
0x00007ff9a7080000 - 0x00007ff9a70a9000 	C:\WINDOWS\SYSTEM32\profapi.dll
0x00007ff982a70000 - 0x00007ff982a88000 	C:\Users\Admin\.p2\pool\plugins\org.eclipse.justj.openjdk.hotspot.jre.full.win32.x86_64_21.0.9.v20251105-0741\jre\bin\zip.dll
0x00007ff990270000 - 0x00007ff990280000 	C:\Users\Admin\.p2\pool\plugins\org.eclipse.justj.openjdk.hotspot.jre.full.win32.x86_64_21.0.9.v20251105-0741\jre\bin\net.dll
0x00007ff99e950000 - 0x00007ff99ea77000 	C:\WINDOWS\SYSTEM32\WINHTTP.dll
0x00007ff9a6460000 - 0x00007ff9a64cb000 	C:\WINDOWS\system32\mswsock.dll
0x00007ff981970000 - 0x00007ff981986000 	C:\Users\Admin\.p2\pool\plugins\org.eclipse.justj.openjdk.hotspot.jre.full.win32.x86_64_21.0.9.v20251105-0741\jre\bin\nio.dll
0x00007ff9905a0000 - 0x00007ff9905c4000 	C:\Users\Admin\AppData\Local\Temp\jansi-2.4.2-4478c4c640bb64ae-jansi.dll

JVMTI agents: none

dbghelp: loaded successfully - version: 4.0.5 - missing functions: none
symbol engine: initialized successfully - sym options: 0x614 - pdb path: .;C:\Users\Admin\.p2\pool\plugins\org.eclipse.justj.openjdk.hotspot.jre.full.win32.x86_64_21.0.9.v20251105-0741\jre\bin;C:\WINDOWS\SYSTEM32;C:\Program Files\AVG\Antivirus;C:\WINDOWS\WinSxS\amd64_microsoft.windows.common-controls_6595b64144ccf1df_6.0.26100.8037_none_3e092faae333b53b;C:\Users\Admin\.p2\pool\plugins\org.eclipse.justj.openjdk.hotspot.jre.full.win32.x86_64_21.0.9.v20251105-0741\jre\bin\server;C:\Users\Admin\AppData\Local\Temp

VM Arguments:
jvm_args: -Dmaven.home=EMBEDDED -Dclassworlds.conf=C:\Users\Admin\Desktop\SDPBackendProject\.metadata\.plugins\org.eclipse.m2e.launching\launches\m2conf12673538577109467596.tmp -Dmaven.multiModuleProjectDirectory=C:\Users\Admin\Desktop\SDPBackendProject\SDPBackend -Dm2e.build.project.data.socket.port=56069 -Dfile.encoding=UTF-8 -Dstdout.encoding=UTF-8 -Dstderr.encoding=UTF-8 -XX:+ShowCodeDetailsInExceptionMessages 
java_command: org.codehaus.plexus.classworlds.launcher.Launcher -Ppom.xml -B -Dstyle.color=always org.springframework.boot:spring-boot-maven-plugin:process-aot
java_class_path (initial): C:\Users\Admin\.p2\pool\plugins\org.eclipse.m2e.maven.runtime_3.9.1101.20251020-1549\jars\plexus-classworlds-2.9.0.jar
Launcher Type: SUN_STANDARD

[Global flags]
     intx CICompilerCount                          = 4                                         {product} {ergonomic}
     uint ConcGCThreads                            = 2                                         {product} {ergonomic}
     uint G1ConcRefinementThreads                  = 8                                         {product} {ergonomic}
   size_t G1HeapRegionSize                         = 2097152                                   {product} {ergonomic}
    uintx GCDrainStackTargetSize                   = 64                                        {product} {ergonomic}
   size_t InitialHeapSize                          = 264241152                                 {product} {ergonomic}
   size_t MarkStackSize                            = 4194304                                   {product} {ergonomic}
   size_t MaxHeapSize                              = 4213178368                                {product} {ergonomic}
   size_t MaxNewSize                               = 2527068160                                {product} {ergonomic}
   size_t MinHeapDeltaBytes                        = 2097152                                   {product} {ergonomic}
   size_t MinHeapSize                              = 8388608                                   {product} {ergonomic}
    uintx NonNMethodCodeHeapSize                   = 5839372                                {pd product} {ergonomic}
    uintx NonProfiledCodeHeapSize                  = 122909434                              {pd product} {ergonomic}
    uintx ProfiledCodeHeapSize                     = 122909434                              {pd product} {ergonomic}
    uintx ReservedCodeCacheSize                    = 251658240                              {pd product} {ergonomic}
     bool SegmentedCodeCache                       = true                                      {product} {ergonomic}
     bool ShowCodeDetailsInExceptionMessages       = true                                   {manageable} {command line}
   size_t SoftMaxHeapSize                          = 4213178368                             {manageable} {ergonomic}
     bool UseCompressedOops                        = true                           {product lp64_product} {ergonomic}
     bool UseG1GC                                  = true                                      {product} {ergonomic}
     bool UseLargePagesIndividualAllocation        = false                                  {pd product} {ergonomic}

Logging:
Log output configuration:
 #0: stdout all=warning uptime,level,tags foldmultilines=false
 #1: stderr all=off uptime,level,tags foldmultilines=false

Release file:
JAVA_VERSION="21.0.9" 
MODULES="java.base java.compiler java.datatransfer java.xml java.prefs java.desktop java.instrument java.logging java.management java.security.sasl java.naming java.rmi java.management.rmi java.net.http java.scripting java.security.jgss java.transaction.xa java.sql java.sql.rowset java.xml.crypto java.se java.smartcardio jdk.accessibility jdk.internal.jvmstat jdk.attach jdk.charsets jdk.internal.opt jdk.zipfs jdk.compiler jdk.crypto.ec jdk.crypto.cryptoki jdk.crypto.mscapi jdk.dynalink jdk.internal.ed jdk.editpad jdk.hotspot.agent jdk.httpserver jdk.internal.le jdk.internal.vm.ci jdk.internal.vm.compiler jdk.internal.vm.compiler.management jdk.jartool jdk.javadoc jdk.jcmd jdk.management jdk.management.agent jdk.jconsole jdk.jdeps jdk.jdwp.agent jdk.jdi jdk.jfr jdk.jshell jdk.jsobject jdk.jstatd jdk.localedata jdk.management.jfr jdk.naming.dns jdk.naming.rmi jdk.net jdk.nio.mapmode jdk.random jdk.sctp jdk.security.auth jdk.security.jgss jdk.unsupported jdk.unsupported.desktop jdk.xml.dom" 

Environment Variables:
PATH=C:/Users/Admin/.p2/pool/plugins/org.eclipse.justj.openjdk.hotspot.jre.full.win32.x86_64_21.0.9.v20251105-0741/jre/bin/server;C:/Users/Admin/.p2/pool/plugins/org.eclipse.justj.openjdk.hotspot.jre.full.win32.x86_64_21.0.9.v20251105-0741/jre/bin;C:\Program Files\Common Files\Oracle\Java\javapath;C:\Python314\Scripts\;C:\Python314\;C:\WINDOWS\system32;C:\WINDOWS;C:\WINDOWS\System32\Wbem;C:\WINDOWS\System32\WindowsPowerShell\v1.0\;C:\WINDOWS\System32\OpenSSH\;C:\Program Files\Java\jdk-24\bin;C:\ProgramData\chocolatey\bin;C:\Program Files\nodejs\;C:\Program Files\PuTTY\;C:\Program Files\Git\cmd;C:\Program Files\MySQL\MySQL Shell 8.0\bin\;C:\Users\Admin\AppData\Local\Programs\Python\Launcher\;C:\Users\Admin\AppData\Local\Microsoft\WindowsApps;C:\Program Files\JetBrains\PyCharm 2025.1.3.1\bin;;C:\Users\Admin\AppData\Roaming\npm;C:\Users\Admin\AppData\Local\Programs\Microsoft VS Code\bin;C:\Users\Admin\AppData\Local\Programs\Antigravity\bin;C:\WINDOWS\System32;
USERNAME=Jaydev
OS=Windows_NT
PROCESSOR_IDENTIFIER=Intel64 Family 6 Model 140 Stepping 1, GenuineIntel
TMP=C:\Users\Admin\AppData\Local\Temp
TEMP=C:\Users\Admin\AppData\Local\Temp




Periodic native trim disabled

---------------  S Y S T E M  ---------------

OS:
 Windows 11 , 64 bit Build 26100 (10.0.26100.7920)
OS uptime: 0 days 21:19 hours

CPU: total 8 (initial active 8) (4 cores per cpu, 2 threads per core) family 6 model 140 stepping 1 microcode 0xbe, cx8, cmov, fxsr, ht, mmx, 3dnowpref, sse, sse2, sse3, ssse3, sse4.1, sse4.2, popcnt, lzcnt, tsc, tscinvbit, avx, avx2, aes, erms, clmul, bmi1, bmi2, adx, avx512f, avx512dq, avx512cd, avx512bw, avx512vl, sha, fma, vzeroupper, avx512_vpopcntdq, avx512_vpclmulqdq, avx512_vaes, avx512_vnni, clflush, clflushopt, clwb, avx512_vbmi2, avx512_vbmi, rdtscp, rdpid, fsrm, gfni, avx512_bitalg, f16c, pku, cet_ibt, cet_ss, avx512_ifma
Processor Information for the first 8 processors :
  Max Mhz: 2611, Current Mhz: 2611, Mhz Limit: 2611

Memory: 4k page, system-wide physical 16064M (2651M free)
TotalPageFile size 19349M (AvailPageFile size 0M)
current process WorkingSet (physical memory assigned to process): 97M, peak: 97M
current process commit charge ("private bytes"): 366M, peak: 366M

vm_info: OpenJDK 64-Bit Server VM (21.0.9+10-LTS) for windows-amd64 JRE (21.0.9+10-LTS), built on 2025-10-21T00:00:00Z by "admin" with unknown MS VC++:1942

END.
